<?xml version="1.0" encoding="UTF-8"?>
<testng-results ignored="0" total="1" passed="1" failed="0" skipped="0">
  <reporter-output>
  </reporter-output>
  <suite started-at="2023-07-24T22:59:46 PDT" name="Default suite" finished-at="2023-07-24T23:02:47 PDT" duration-ms="180663">
    <groups>
    </groups>
    <test started-at="2023-07-24T22:59:46 PDT" name="Default test" finished-at="2023-07-24T23:02:47 PDT" duration-ms="180663">
      <class name="definition_steps.loadproperty">
        <test-method signature="configure()[pri:0, instance:definition_steps.loadproperty@563f38c4]" started-at="2023-07-24T22:59:47 PDT" name="configure" finished-at="2023-07-24T23:02:47 PDT" duration-ms="180586" status="PASS">
          <reporter-output>
          </reporter-output>
        </test-method> <!-- configure -->
      </class> <!-- definition_steps.loadproperty -->
    </test> <!-- Default test -->
  </suite> <!-- Default suite -->
</testng-results>
